TN:
SF:src/app.ts
FNF:0
FNH:0
DA:1,2
DA:2,2
DA:3,2
DA:4,2
DA:5,2
DA:6,2
DA:8,2
DA:10,2
DA:12,2
DA:15,2
DA:16,2
DA:17,2
DA:18,2
LF:13
LH:13
BRF:0
BRH:0
end_of_record
TN:
SF:src/config/data-source.ts
FNF:0
FNH:0
DA:1,9
DA:2,9
DA:3,9
DA:4,9
DA:5,9
DA:6,9
DA:8,9
LF:7
LH:7
BRF:0
BRH:0
end_of_record
TN:
SF:src/controllers/lista.controller.ts
FN:7,(anonymous_7)
FN:11,(anonymous_8)
FN:27,(anonymous_10)
FNF:3
FNH:3
FNDA:2,(anonymous_7)
FNDA:4,(anonymous_8)
FNDA:1,(anonymous_10)
DA:2,2
DA:4,2
DA:8,2
DA:12,4
DA:13,4
DA:15,4
DA:16,1
DA:19,3
DA:20,3
DA:22,0
DA:23,0
DA:28,1
DA:29,1
DA:30,1
DA:32,0
DA:33,0
LF:16
LH:12
BRDA:15,0,0,1
BRF:1
BRH:1
end_of_record
TN:
SF:src/controllers/sessao.controller.ts
FN:7,(anonymous_7)
FN:11,(anonymous_8)
FN:17,(anonymous_10)
FNF:3
FNH:1
FNDA:2,(anonymous_7)
FNDA:0,(anonymous_8)
FNDA:0,(anonymous_10)
DA:2,2
DA:4,2
DA:8,2
DA:12,0
DA:13,0
DA:14,0
DA:18,0
DA:19,0
DA:20,0
LF:9
LH:3
BRF:0
BRH:0
end_of_record
TN:
SF:src/controllers/tarefaController.ts
FN:7,(anonymous_7)
FN:12,(anonymous_8)
FN:19,(anonymous_10)
FN:26,(anonymous_12)
FN:33,(anonymous_14)
FNF:5
FNH:1
FNDA:2,(anonymous_7)
FNDA:0,(anonymous_8)
FNDA:0,(anonymous_10)
FNDA:0,(anonymous_12)
FNDA:0,(anonymous_14)
DA:2,2
DA:4,2
DA:8,2
DA:13,0
DA:14,0
DA:15,0
DA:20,0
DA:21,0
DA:22,0
DA:27,0
DA:28,0
DA:29,0
DA:34,0
DA:35,0
DA:36,0
LF:15
LH:3
BRDA:29,0,0,0
BRDA:29,0,1,0
BRDA:36,1,0,0
BRDA:36,1,1,0
BRF:4
BRH:0
end_of_record
TN:
SF:src/controllers/usuarioController.ts
FN:7,(anonymous_7)
FN:12,(anonymous_8)
FNF:2
FNH:2
FNDA:2,(anonymous_7)
FNDA:5,(anonymous_8)
DA:2,2
DA:4,2
DA:8,2
DA:9,2
DA:13,5
DA:15,5
DA:17,5
DA:18,0
DA:19,0
DA:22,5
DA:23,1
DA:24,1
DA:27,4
DA:28,4
DA:29,2
DA:30,2
DA:32,2
DA:34,2
LF:18
LH:16
BRDA:17,0,0,0
BRDA:17,1,0,5
BRDA:17,1,1,5
BRDA:17,1,2,5
BRDA:22,2,0,1
BRDA:35,3,0,2
BRDA:35,3,1,0
BRF:7
BRH:5
end_of_record
TN:
SF:src/models/Lista.ts
FN:12,(anonymous_2)
FN:12,(anonymous_3)
FNF:2
FNH:2
FNDA:6,(anonymous_2)
FNDA:6,(anonymous_3)
DA:1,9
DA:2,9
DA:5,9
DA:7,9
DA:10,9
DA:12,6
DA:13,9
LF:7
LH:7
BRF:0
BRH:0
end_of_record
TN:
SF:src/models/Sessao.ts
FN:13,(anonymous_2)
FN:13,(anonymous_3)
FN:16,(anonymous_4)
FN:16,(anonymous_5)
FNF:4
FNH:4
FNDA:6,(anonymous_2)
FNDA:6,(anonymous_3)
FNDA:6,(anonymous_4)
FNDA:6,(anonymous_5)
DA:1,9
DA:2,9
DA:3,9
DA:6,9
DA:8,9
DA:11,9
DA:13,6
DA:14,9
DA:16,6
DA:17,9
LF:10
LH:10
BRF:0
BRH:0
end_of_record
TN:
SF:src/models/Tarefa.ts
FN:15,(anonymous_2)
FN:15,(anonymous_3)
FNF:2
FNH:2
FNDA:6,(anonymous_2)
FNDA:6,(anonymous_3)
DA:1,9
DA:2,9
DA:5,9
DA:7,9
DA:10,9
DA:13,9
DA:15,6
DA:16,9
LF:8
LH:8
BRF:0
BRH:0
end_of_record
TN:
SF:src/models/Usuario.ts
FNF:0
FNH:0
DA:1,10
DA:4,10
DA:6,10
DA:8,10
DA:10,10
DA:12,10
LF:6
LH:6
BRF:0
BRH:0
end_of_record
TN:
SF:src/repositories/lista.repository.ts
FN:8,(anonymous_7)
FN:12,(anonymous_8)
FN:17,(anonymous_10)
FNF:3
FNH:3
FNDA:5,(anonymous_7)
FNDA:8,(anonymous_8)
FNDA:2,(anonymous_10)
DA:2,6
DA:3,6
DA:5,6
DA:9,5
DA:13,8
DA:14,8
DA:18,2
LF:7
LH:7
BRF:0
BRH:0
end_of_record
TN:
SF:src/repositories/sessao.repository.ts
FN:8,(anonymous_7)
FN:12,(anonymous_8)
FN:17,(anonymous_10)
FNF:3
FNH:3
FNDA:4,(anonymous_7)
FNDA:4,(anonymous_8)
FNDA:1,(anonymous_10)
DA:2,5
DA:3,5
DA:5,5
DA:9,4
DA:13,4
DA:14,4
DA:18,1
LF:7
LH:7
BRF:0
BRH:0
end_of_record
TN:
SF:src/repositories/tarefa.repository.ts
FN:9,(anonymous_7)
FN:14,(anonymous_8)
FN:24,(anonymous_10)
FN:29,(anonymous_12)
FN:38,(anonymous_14)
FNF:5
FNH:5
FNDA:3,(anonymous_7)
FNDA:6,(anonymous_8)
FNDA:1,(anonymous_10)
FNDA:1,(anonymous_12)
FNDA:1,(anonymous_14)
DA:2,4
DA:3,4
DA:4,4
DA:6,4
DA:10,3
DA:16,6
DA:17,6
DA:19,5
DA:20,5
DA:25,1
DA:30,1
DA:31,1
DA:33,1
DA:34,1
DA:39,1
DA:40,1
LF:16
LH:16
BRDA:17,0,0,1
BRDA:31,1,0,0
BRF:2
BRH:1
end_of_record
TN:
SF:src/repositories/usuario.repository.ts
FN:4,(anonymous_7)
FN:7,(anonymous_8)
FN:11,(anonymous_10)
FNF:3
FNH:3
FNDA:2,(anonymous_7)
FNDA:2,(anonymous_8)
FNDA:2,(anonymous_10)
DA:1,1
DA:2,1
DA:4,1
DA:5,2
DA:8,2
DA:12,2
DA:13,2
DA:17,1
LF:8
LH:8
BRF:0
BRH:0
end_of_record
TN:
SF:src/routes/listaRoutes.ts
FNF:0
FNH:0
DA:1,2
DA:2,2
DA:4,2
DA:5,2
DA:7,2
DA:8,2
DA:10,2
LF:7
LH:7
BRF:0
BRH:0
end_of_record
TN:
SF:src/routes/sessaoRoutes.ts
FNF:0
FNH:0
DA:1,2
DA:2,2
DA:4,2
DA:5,2
DA:7,2
DA:8,2
DA:10,2
LF:7
LH:7
BRF:0
BRH:0
end_of_record
TN:
SF:src/routes/tarefaRoutes.ts
FNF:0
FNH:0
DA:1,2
DA:2,2
DA:4,2
DA:5,2
DA:8,2
DA:11,2
DA:14,2
DA:17,2
DA:19,2
LF:9
LH:9
BRF:0
BRH:0
end_of_record
TN:
SF:src/routes/usuarioRoutes.ts
FNF:0
FNH:0
DA:1,2
DA:2,2
DA:4,2
DA:6,2
DA:9,2
DA:13,2
LF:6
LH:6
BRF:0
BRH:0
end_of_record
TN:
SF:src/services/lista.service.ts
FN:6,(anonymous_7)
FN:10,(anonymous_8)
FN:14,(anonymous_10)
FNF:3
FNH:3
FNDA:4,(anonymous_7)
FNDA:4,(anonymous_8)
FNDA:2,(anonymous_10)
DA:1,3
DA:3,3
DA:7,4
DA:11,4
DA:15,2
LF:5
LH:5
BRF:0
BRH:0
end_of_record
TN:
SF:src/services/sessao.service.ts
FN:6,(anonymous_7)
FN:10,(anonymous_8)
FN:14,(anonymous_10)
FNF:3
FNH:3
FNDA:4,(anonymous_7)
FNDA:1,(anonymous_8)
FNDA:1,(anonymous_10)
DA:1,3
DA:3,3
DA:7,4
DA:11,1
DA:15,1
LF:5
LH:5
BRF:0
BRH:0
end_of_record
TN:
SF:src/services/tarefa.service.ts
FN:6,(anonymous_7)
FN:11,(anonymous_8)
FN:16,(anonymous_10)
FN:21,(anonymous_12)
FN:26,(anonymous_14)
FNF:5
FNH:5
FNDA:6,(anonymous_7)
FNDA:1,(anonymous_8)
FNDA:1,(anonymous_10)
FNDA:1,(anonymous_12)
FNDA:1,(anonymous_14)
DA:1,3
DA:3,3
DA:7,6
DA:12,1
DA:17,1
DA:22,1
DA:27,1
LF:7
LH:7
BRF:0
BRH:0
end_of_record
TN:
SF:src/services/usuario.service.ts
FN:4,(anonymous_7)
FN:7,(anonymous_8)
FNF:2
FNH:2
FNDA:2,(anonymous_7)
FNDA:4,(anonymous_8)
DA:1,2
DA:2,2
DA:4,2
DA:5,2
DA:8,4
DA:10,4
DA:11,1
DA:12,1
DA:15,3
DA:16,3
DA:17,1
DA:18,1
DA:21,2
DA:22,2
DA:23,2
DA:25,2
DA:26,2
LF:17
LH:17
BRDA:10,0,0,1
BRDA:16,1,0,1
BRF:2
BRH:2
end_of_record
